

============================== 2022-01-05 23:29:35.380141 | c3fc8741-33fc-4397-8715-fea5d212e7a5 ==============================
23:29:35.380141 [info ] [MainThread]: Running with dbt=1.0.1
23:29:35.380498 [debug] [MainThread]: running dbt with arguments Namespace(record_timing_info=None, debug=None, log_format=None, write_json=None, use_colors=None, printer_width=None, warn_error=None, version_check=None, partial_parse=None, single_threaded=False, use_experimental_parser=None, static_parser=None, profiles_dir='/Users/ashwin.suresh/.dbt', send_anonymous_usage_stats=None, fail_fast=None, event_buffer_size=None, project_dir=None, profile=None, target=None, vars='{}', log_cache_events=False, project_name='jaffle-shop', skip_profile_setup=False, defer=None, state=None, cls=<class 'dbt.task.init.InitTask'>, which='init', rpc_method=None)
23:29:35.380762 [debug] [MainThread]: Tracking: tracking
23:29:35.401064 [debug] [MainThread]: Sending event: {'category': 'dbt', 'action': 'invocation', 'label': 'start', 'context': [<snowplow_tracker.self_describing_json.SelfDescribingJson object at 0x1043851c0>, <snowplow_tracker.self_describing_json.SelfDescribingJson object at 0x104385100>, <snowplow_tracker.self_describing_json.SelfDescribingJson object at 0x104362c70>]}
23:29:35.403073 [debug] [MainThread]: Starter project path: /usr/local/Cellar/dbt-bigquery/1.0.0/libexec/lib/python3.9/site-packages/dbt/include/starter_project
23:31:35.323373 [info ] [MainThread]: Profile jaffle-shop written to /Users/ashwin.suresh/.dbt/profiles.yml using target's profile_template.yml and your supplied values. Run 'dbt debug' to validate the connection.
23:31:35.323884 [info ] [MainThread]: 
Your new dbt project "jaffle-shop" was created!

For more information on how to configure the profiles.yml file,
please consult the dbt documentation here:

  https://docs.getdbt.com/docs/configure-your-profile

One more thing:

Need help? Don't hesitate to reach out to us via GitHub issues or on Slack:

  https://community.getdbt.com/

Happy modeling!

23:31:35.324300 [debug] [MainThread]: Sending event: {'category': 'dbt', 'action': 'invocation', 'label': 'end', 'context': [<snowplow_tracker.self_describing_json.SelfDescribingJson object at 0x104362fd0>, <snowplow_tracker.self_describing_json.SelfDescribingJson object at 0x104362c70>, <snowplow_tracker.self_describing_json.SelfDescribingJson object at 0x104396d30>]}


============================== 2022-01-05 23:32:36.880457 | 6113851f-1142-4205-a038-dcdb6fd07b76 ==============================
23:32:36.880457 [info ] [MainThread]: Running with dbt=1.0.1
23:32:36.880745 [debug] [MainThread]: running dbt with arguments Namespace(record_timing_info=None, debug=None, log_format=None, write_json=None, use_colors=None, printer_width=None, warn_error=None, version_check=None, partial_parse=None, single_threaded=False, use_experimental_parser=None, static_parser=None, profiles_dir='/Users/ashwin.suresh/.dbt', send_anonymous_usage_stats=None, fail_fast=None, event_buffer_size=None, project_dir=None, profile=None, target=None, vars='{}', log_cache_events=False, config_dir=False, defer=None, state=None, cls=<class 'dbt.task.debug.DebugTask'>, which='debug', rpc_method=None)
23:32:36.880904 [debug] [MainThread]: Tracking: tracking
23:32:36.901825 [debug] [MainThread]: Sending event: {'category': 'dbt', 'action': 'invocation', 'label': 'start', 'context': [<snowplow_tracker.self_describing_json.SelfDescribingJson object at 0x108972040>, <snowplow_tracker.self_describing_json.SelfDescribingJson object at 0x108972550>, <snowplow_tracker.self_describing_json.SelfDescribingJson object at 0x10894f670>]}
23:32:37.434429 [debug] [MainThread]: Executing "git --help"
23:32:37.444409 [debug] [MainThread]: STDOUT: "b"usage: git [--version] [--help] [-C <path>] [-c <name>=<value>]\n           [--exec-path[=<path>]] [--html-path] [--man-path] [--info-path]\n           [-p | --paginate | -P | --no-pager] [--no-replace-objects] [--bare]\n           [--git-dir=<path>] [--work-tree=<path>] [--namespace=<name>]\n           [--super-prefix=<path>] [--config-env=<name>=<envvar>]\n           <command> [<args>]\n\nThese are common Git commands used in various situations:\n\nstart a working area (see also: git help tutorial)\n   clone     Clone a repository into a new directory\n   init      Create an empty Git repository or reinitialize an existing one\n\nwork on the current change (see also: git help everyday)\n   add       Add file contents to the index\n   mv        Move or rename a file, a directory, or a symlink\n   restore   Restore working tree files\n   rm        Remove files from the working tree and from the index\n\nexamine the history and state (see also: git help revisions)\n   bisect    Use binary search to find the commit that introduced a bug\n   diff      Show changes between commits, commit and working tree, etc\n   grep      Print lines matching a pattern\n   log       Show commit logs\n   show      Show various types of objects\n   status    Show the working tree status\n\ngrow, mark and tweak your common history\n   branch    List, create, or delete branches\n   commit    Record changes to the repository\n   merge     Join two or more development histories together\n   rebase    Reapply commits on top of another base tip\n   reset     Reset current HEAD to the specified state\n   switch    Switch branches\n   tag       Create, list, delete or verify a tag object signed with GPG\n\ncollaborate (see also: git help workflows)\n   fetch     Download objects and refs from another repository\n   pull      Fetch from and integrate with another repository or a local branch\n   push      Update remote refs along with associated objects\n\n'git help -a' and 'git help -g' list available subcommands and some\nconcept guides. See 'git help <command>' or 'git help <concept>'\nto read about a specific subcommand or concept.\nSee 'git help git' for an overview of the system.\n""
23:32:37.445213 [debug] [MainThread]: STDERR: "b''"
23:32:37.446274 [debug] [MainThread]: Sending event: {'category': 'dbt', 'action': 'invocation', 'label': 'end', 'context': [<snowplow_tracker.self_describing_json.SelfDescribingJson object at 0x10898b730>, <snowplow_tracker.self_describing_json.SelfDescribingJson object at 0x109e45ac0>, <snowplow_tracker.self_describing_json.SelfDescribingJson object at 0x109e45ca0>]}


============================== 2022-01-05 23:33:13.087305 | 9dd5c824-20d1-4a57-bc3c-267b5aa5ee14 ==============================
23:33:13.087305 [info ] [MainThread]: Running with dbt=1.0.1
23:33:13.087581 [debug] [MainThread]: running dbt with arguments Namespace(record_timing_info=None, debug=None, log_format=None, write_json=None, use_colors=None, printer_width=None, warn_error=None, version_check=None, partial_parse=None, single_threaded=False, use_experimental_parser=None, static_parser=None, profiles_dir='/Users/ashwin.suresh/.dbt', send_anonymous_usage_stats=None, fail_fast=None, event_buffer_size=None, project_dir=None, profile=None, target=None, vars='{}', log_cache_events=False, config_dir=False, defer=None, state=None, cls=<class 'dbt.task.debug.DebugTask'>, which='debug', rpc_method=None)
23:33:13.087777 [debug] [MainThread]: Tracking: tracking
23:33:13.107506 [debug] [MainThread]: Sending event: {'category': 'dbt', 'action': 'invocation', 'label': 'start', 'context': [<snowplow_tracker.self_describing_json.SelfDescribingJson object at 0x10520d160>, <snowplow_tracker.self_describing_json.SelfDescribingJson object at 0x10520d220>, <snowplow_tracker.self_describing_json.SelfDescribingJson object at 0x1051eb550>]}
23:33:13.600261 [debug] [MainThread]: Executing "git --help"
23:33:13.610789 [debug] [MainThread]: STDOUT: "b"usage: git [--version] [--help] [-C <path>] [-c <name>=<value>]\n           [--exec-path[=<path>]] [--html-path] [--man-path] [--info-path]\n           [-p | --paginate | -P | --no-pager] [--no-replace-objects] [--bare]\n           [--git-dir=<path>] [--work-tree=<path>] [--namespace=<name>]\n           [--super-prefix=<path>] [--config-env=<name>=<envvar>]\n           <command> [<args>]\n\nThese are common Git commands used in various situations:\n\nstart a working area (see also: git help tutorial)\n   clone     Clone a repository into a new directory\n   init      Create an empty Git repository or reinitialize an existing one\n\nwork on the current change (see also: git help everyday)\n   add       Add file contents to the index\n   mv        Move or rename a file, a directory, or a symlink\n   restore   Restore working tree files\n   rm        Remove files from the working tree and from the index\n\nexamine the history and state (see also: git help revisions)\n   bisect    Use binary search to find the commit that introduced a bug\n   diff      Show changes between commits, commit and working tree, etc\n   grep      Print lines matching a pattern\n   log       Show commit logs\n   show      Show various types of objects\n   status    Show the working tree status\n\ngrow, mark and tweak your common history\n   branch    List, create, or delete branches\n   commit    Record changes to the repository\n   merge     Join two or more development histories together\n   rebase    Reapply commits on top of another base tip\n   reset     Reset current HEAD to the specified state\n   switch    Switch branches\n   tag       Create, list, delete or verify a tag object signed with GPG\n\ncollaborate (see also: git help workflows)\n   fetch     Download objects and refs from another repository\n   pull      Fetch from and integrate with another repository or a local branch\n   push      Update remote refs along with associated objects\n\n'git help -a' and 'git help -g' list available subcommands and some\nconcept guides. See 'git help <command>' or 'git help <concept>'\nto read about a specific subcommand or concept.\nSee 'git help git' for an overview of the system.\n""
23:33:13.611527 [debug] [MainThread]: STDERR: "b''"
23:33:13.619105 [debug] [MainThread]: Acquiring new bigquery connection "debug"
23:33:13.620738 [debug] [MainThread]: Opening a new connection, currently in state init
23:33:13.625100 [debug] [MainThread]: On debug: select 1 as id
23:33:14.775263 [debug] [MainThread]: Sending event: {'category': 'dbt', 'action': 'invocation', 'label': 'end', 'context': [<snowplow_tracker.self_describing_json.SelfDescribingJson object at 0x1066be730>, <snowplow_tracker.self_describing_json.SelfDescribingJson object at 0x1066a1d30>, <snowplow_tracker.self_describing_json.SelfDescribingJson object at 0x1066a1eb0>]}
23:33:15.166675 [debug] [MainThread]: Connection 'debug' was properly closed.
